2022-08-18 22:39:59,354 [Worker-2: Loading available Gradle versions] INFO  o.e.b.c.i.u.g.PublishedGradleVersions - Gradle version information cache is up-to-date. Trying to read.
2022-08-18 22:40:32,552 [Worker-0: Creating project "interviewPrograms"] INFO  o.e.m.c.i.l.LifecycleMappingFactory - Using org.eclipse.m2e.jdt.JarLifecycleMapping lifecycle mapping for MavenProject: JavaPrograms:interviewPrograms:0.0.1-SNAPSHOT @ D:\Java Automation files\Gitfolder\SampleProject\interviewPrograms\pom.xml.
2022-08-18 22:40:32,957 [Worker-0: Creating project "interviewPrograms"] INFO  o.e.m.j.i.AbstractJavaProjectConfigurator - Adding source folder /interviewPrograms/src/main/java
2022-08-18 22:40:32,958 [Worker-0: Creating project "interviewPrograms"] INFO  o.e.m.j.i.AbstractJavaProjectConfigurator - Adding resource folder /interviewPrograms/src/main/resources
2022-08-18 22:40:32,960 [Worker-0: Creating project "interviewPrograms"] INFO  o.e.m.j.i.AbstractJavaProjectConfigurator - Adding source folder /interviewPrograms/src/test/java
2022-08-18 22:40:32,960 [Worker-0: Creating project "interviewPrograms"] INFO  o.e.m.j.i.AbstractJavaProjectConfigurator - Adding resource folder /interviewPrograms/src/test/resources
2022-08-18 22:40:33,627 [Worker-3: Building] WARN  o.e.m.c.i.embedder.EclipseLogger - Using platform encoding (Cp1252 actually) to copy filtered resources, i.e. build is platform dependent!
2022-08-18 22:40:33,631 [Worker-3: Building] INFO  o.e.m.c.i.embedder.EclipseLogger - Copying 0 resource
2022-08-18 22:40:33,633 [Worker-3: Building] WARN  o.e.m.c.i.embedder.EclipseLogger - Using platform encoding (Cp1252 actually) to copy filtered resources, i.e. build is platform dependent!
2022-08-18 22:40:33,634 [Worker-3: Building] INFO  o.e.m.c.i.embedder.EclipseLogger - Copying 0 resource
2022-08-18 22:40:54,686 [Worker-14: Building] WARN  o.e.m.c.i.embedder.EclipseLogger - Using platform encoding (Cp1252 actually) to copy filtered resources, i.e. build is platform dependent!
2022-08-18 22:40:54,689 [Worker-14: Building] INFO  o.e.m.c.i.embedder.EclipseLogger - Copying 0 resource
2022-08-18 22:40:54,692 [Worker-14: Building] WARN  o.e.m.c.i.embedder.EclipseLogger - Using platform encoding (Cp1252 actually) to copy filtered resources, i.e. build is platform dependent!
2022-08-18 22:40:54,693 [Worker-14: Building] INFO  o.e.m.c.i.embedder.EclipseLogger - Copying 0 resource
2022-08-18 22:41:19,838 [Worker-2: Building] WARN  o.e.m.c.i.embedder.EclipseLogger - Using platform encoding (Cp1252 actually) to copy filtered resources, i.e. build is platform dependent!
2022-08-18 22:41:19,839 [Worker-2: Building] INFO  o.e.m.c.i.embedder.EclipseLogger - Copying 0 resource
2022-08-18 22:41:19,840 [Worker-2: Building] WARN  o.e.m.c.i.embedder.EclipseLogger - Using platform encoding (Cp1252 actually) to copy filtered resources, i.e. build is platform dependent!
2022-08-18 22:41:19,841 [Worker-2: Building] INFO  o.e.m.c.i.embedder.EclipseLogger - Copying 0 resource
2022-08-18 22:41:20,852 [Worker-15: Building] WARN  o.e.m.c.i.embedder.EclipseLogger - Using platform encoding (Cp1252 actually) to copy filtered resources, i.e. build is platform dependent!
2022-08-18 22:41:20,854 [Worker-15: Building] INFO  o.e.m.c.i.embedder.EclipseLogger - Copying 0 resource
2022-08-18 22:41:20,856 [Worker-15: Building] WARN  o.e.m.c.i.embedder.EclipseLogger - Using platform encoding (Cp1252 actually) to copy filtered resources, i.e. build is platform dependent!
2022-08-18 22:41:20,857 [Worker-15: Building] INFO  o.e.m.c.i.embedder.EclipseLogger - Copying 0 resource
2022-08-18 22:41:36,740 [Worker-15: Building] WARN  o.e.m.c.i.embedder.EclipseLogger - Using platform encoding (Cp1252 actually) to copy filtered resources, i.e. build is platform dependent!
2022-08-18 22:41:36,741 [Worker-15: Building] INFO  o.e.m.c.i.embedder.EclipseLogger - Copying 0 resource
2022-08-18 22:41:36,741 [Worker-15: Building] WARN  o.e.m.c.i.embedder.EclipseLogger - Using platform encoding (Cp1252 actually) to copy filtered resources, i.e. build is platform dependent!
2022-08-18 22:41:36,742 [Worker-15: Building] INFO  o.e.m.c.i.embedder.EclipseLogger - Copying 0 resource
